#
# A fatal error has been detected by the Java Runtime Environment:
#
#  SIGSEGV (0xb) at pc=0x00000001081aa962, pid=2881, tid=22019
#
# JRE version: OpenJDK Runtime Environment (14.0.2+12) (build 14.0.2+12-46)
# Java VM: OpenJDK 64-Bit Server VM (14.0.2+12-46, mixed mode, tiered, compressed oops, g1 gc, bsd-amd64)
# Problematic frame:
# C  [libjimage.dylib+0x1962]  ImageStrings::find(Endian*, char const*, int*, unsigned int)+0x56
#
# No core dump will be written. Core dumps have been disabled. To enable core dumping, try "ulimit -c unlimited" before starting Java again
#
# If you would like to submit a bug report, please visit:
#   https://bugreport.java.com/bugreport/crash.jsp
#

---------------  S U M M A R Y ------------

Command Line: -XX:+ShowCodeDetailsInExceptionMessages -agentlib:jdwp=transport=dt_socket,suspend=y,address=localhost:51167 -javaagent:/Applications/Eclipse.app/Contents/Eclipse/configuration/org.eclipse.osgi/406/0/.cp/lib/javaagent-shaded.jar -Dfile.encoding=UTF-8 code.challange.l

Host: MacBookPro14,2 x86_64 3100 MHz, 4 cores, 8G, Darwin 21.1.0
Time: Thu Nov 18 20:50:21 2021 EST elapsed time: 113 seconds (0d 0h 1m 53s)

---------------  T H R E A D  ---------------

Current thread (0x00007facba036000):  JavaThread "Signal Dispatcher" daemon [_thread_in_vm, id=22019, stack(0x000070000af48000,0x000070000b048000)]

Stack: [0x000070000af48000,0x000070000b048000],  sp=0x000070000b046320,  free space=1016k
Native frames: (J=compiled Java code, A=aot compiled Java code, j=interpreted, Vv=VM code, C=native code)
C  [libjimage.dylib+0x1962]  ImageStrings::find(Endian*, char const*, int*, unsigned int)+0x56
C  [libjimage.dylib+0x25c9]  ImageFileReader::find_location_index(char const*, unsigned long long*) const+0x3f
C  [libjimage.dylib+0x280a]  JIMAGE_FindResource+0xcf
V  [libjvm.dylib+0x1cd8dd]  ClassPathImageEntry::open_stream_for_loader(char const*, ClassLoaderData*, Thread*)+0x49
